Info: Rename duplicated module cell alta_adc to alta_adc_duplicated at ./alta_db/flatten.vx:1.
Info: Rename duplicated module cell alta_rv32 to alta_rv32_duplicated at ./alta_db/flatten.vx:62.
Info: Removing bbox feeder slice ext_dma_DMACBREQ[0] driving BBOX rv32|ext_dma_DMACBREQ[0].
Info: Removing bbox feeder slice ext_dma_DMACCLR[0] driven by BBOX rv32|ext_dma_DMACCLR[0].
Info: Removing bbox feeder slice gpio4_io_in[1] driving BBOX rv32|gpio4_io_in[1].
Info: Removing bbox feeder slice gpio4_io_in[2] driving BBOX rv32|gpio4_io_in[2].
Info: Removing bbox feeder slice gpio4_io_in[3] driving BBOX rv32|gpio4_io_in[3].
Info: Removing bbox feeder slice gpio4_io_out_data[1] driven by BBOX rv32|gpio4_io_out_data[1].
Info: Removing bbox feeder slice gpio4_io_out_data[2] driven by BBOX rv32|gpio4_io_out_data[2].
Info: Removing bbox feeder slice gpio4_io_out_data[3] driven by BBOX rv32|gpio4_io_out_data[3].
Info: Removing bbox feeder slice gpio4_io_out_en[1] driven by BBOX rv32|gpio4_io_out_en[1].
Info: Removing bbox feeder slice gpio4_io_out_en[2] driven by BBOX rv32|gpio4_io_out_en[2].
Info: Removing bbox feeder slice gpio4_io_out_en[3] driven by BBOX rv32|gpio4_io_out_en[3].
Info: Removing bbox feeder slice gpio6_io_in[1] driving BBOX rv32|gpio6_io_in[1].
Info: Removing bbox feeder slice gpio7_io_out_data[6] driven by BBOX rv32|gpio7_io_out_data[6].
Info: Removing bbox feeder slice gpio7_io_out_en[6] driven by BBOX rv32|gpio7_io_out_en[6].
Info: Removing bbox feeder slice macro_inst|gen_per[0].gen_adc.adc_inst|adc_en~_wirecell driving BBOX macro_inst|gen_per[0].gen_adc.adc_inst|adc_inst|enb inverted.
Info: Removing bbox feeder slice macro_inst|gen_per[0].gen_adc.adc_inst|apb_db[11]~feeder driven by BBOX macro_inst|gen_per[0].gen_adc.adc_inst|adc_inst|db[11].
Info: Removing bbox feeder slice macro_inst|gen_per[0].gen_adc.adc_inst|apb_db[5]~feeder driven by BBOX macro_inst|gen_per[0].gen_adc.adc_inst|adc_inst|db[5].
Info: Removing bbox feeder slice macro_inst|gen_per[0].gen_adc.adc_inst|apb_db[7]~feeder driven by BBOX macro_inst|gen_per[0].gen_adc.adc_inst|adc_inst|db[7].
Info: Removing bbox feeder slice macro_inst|gen_per[0].gen_adc.adc_inst|apb_db[8]~feeder driven by BBOX macro_inst|gen_per[0].gen_adc.adc_inst|adc_inst|db[8].
Info: Removing bbox feeder slice macro_inst|gen_per[0].gen_adc.adc_inst|apb_db[9]~feeder driven by BBOX macro_inst|gen_per[0].gen_adc.adc_inst|adc_inst|db[9].
Info: Removing bbox feeder slice mem_ahb_haddr[10] driven by BBOX rv32|mem_ahb_haddr[10].
Info: Removing bbox feeder slice mem_ahb_haddr[11] driven by BBOX rv32|mem_ahb_haddr[11].
Info: Removing bbox feeder slice mem_ahb_haddr[12] driven by BBOX rv32|mem_ahb_haddr[12].
Info: Removing bbox feeder slice mem_ahb_haddr[13] driven by BBOX rv32|mem_ahb_haddr[13].
Info: Removing bbox feeder slice mem_ahb_haddr[14] driven by BBOX rv32|mem_ahb_haddr[14].
Info: Removing bbox feeder slice mem_ahb_haddr[15] driven by BBOX rv32|mem_ahb_haddr[15].
Info: Removing bbox feeder slice mem_ahb_haddr[2] driven by BBOX rv32|mem_ahb_haddr[2].
Info: Removing bbox feeder slice mem_ahb_haddr[3] driven by BBOX rv32|mem_ahb_haddr[3].
Info: Removing bbox feeder slice mem_ahb_haddr[4] driven by BBOX rv32|mem_ahb_haddr[4].
Info: Removing bbox feeder slice mem_ahb_haddr[5] driven by BBOX rv32|mem_ahb_haddr[5].
Info: Removing bbox feeder slice mem_ahb_haddr[6] driven by BBOX rv32|mem_ahb_haddr[6].
Info: Removing bbox feeder slice mem_ahb_haddr[7] driven by BBOX rv32|mem_ahb_haddr[7].
Info: Removing bbox feeder slice mem_ahb_haddr[8] driven by BBOX rv32|mem_ahb_haddr[8].
Info: Removing bbox feeder slice mem_ahb_haddr[9] driven by BBOX rv32|mem_ahb_haddr[9].
Info: Removing bbox feeder slice mem_ahb_hrdata[0] driving BBOX rv32|mem_ahb_hrdata[0].
Info: Removing bbox feeder slice mem_ahb_hrdata[10] driving BBOX rv32|mem_ahb_hrdata[10].
Info: Removing bbox feeder slice mem_ahb_hrdata[11] driving BBOX rv32|mem_ahb_hrdata[11].
Info: Removing bbox feeder slice mem_ahb_hrdata[12] driving BBOX rv32|mem_ahb_hrdata[12].
Info: Removing bbox feeder slice mem_ahb_hrdata[13] driving BBOX rv32|mem_ahb_hrdata[13].
Info: Removing bbox feeder slice mem_ahb_hrdata[14] driving BBOX rv32|mem_ahb_hrdata[14].
Info: Removing bbox feeder slice mem_ahb_hrdata[15] driving BBOX rv32|mem_ahb_hrdata[15].
Info: Removing bbox feeder slice mem_ahb_hrdata[16] driving BBOX rv32|mem_ahb_hrdata[16].
Info: Removing bbox feeder slice mem_ahb_hrdata[17] driving BBOX rv32|mem_ahb_hrdata[17].
Info: Removing bbox feeder slice mem_ahb_hrdata[18] driving BBOX rv32|mem_ahb_hrdata[18].
Info: Removing bbox feeder slice mem_ahb_hrdata[19] driving BBOX rv32|mem_ahb_hrdata[19].
Info: Removing bbox feeder slice mem_ahb_hrdata[1] driving BBOX rv32|mem_ahb_hrdata[1].
Info: Removing bbox feeder slice mem_ahb_hrdata[20] driving BBOX rv32|mem_ahb_hrdata[20].
Info: Removing bbox feeder slice mem_ahb_hrdata[21] driving BBOX rv32|mem_ahb_hrdata[21].
Info: Removing bbox feeder slice mem_ahb_hrdata[22] driving BBOX rv32|mem_ahb_hrdata[22].
Info: Removing bbox feeder slice mem_ahb_hrdata[23] driving BBOX rv32|mem_ahb_hrdata[23].
Info: Removing bbox feeder slice mem_ahb_hrdata[24] driving BBOX rv32|mem_ahb_hrdata[24].
Info: Removing bbox feeder slice mem_ahb_hrdata[25] driving BBOX rv32|mem_ahb_hrdata[25].
Info: Removing bbox feeder slice mem_ahb_hrdata[26] driving BBOX rv32|mem_ahb_hrdata[26].
Info: Removing bbox feeder slice mem_ahb_hrdata[27] driving BBOX rv32|mem_ahb_hrdata[27].
Info: Removing bbox feeder slice mem_ahb_hrdata[28] driving BBOX rv32|mem_ahb_hrdata[28].
Info: Removing bbox feeder slice mem_ahb_hrdata[29] driving BBOX rv32|mem_ahb_hrdata[29].
Info: Removing bbox feeder slice mem_ahb_hrdata[2] driving BBOX rv32|mem_ahb_hrdata[2].
Info: Removing bbox feeder slice mem_ahb_hrdata[30] driving BBOX rv32|mem_ahb_hrdata[30].
Info: Removing bbox feeder slice mem_ahb_hrdata[31] driving BBOX rv32|mem_ahb_hrdata[31].
Info: Removing bbox feeder slice mem_ahb_hrdata[3] driving BBOX rv32|mem_ahb_hrdata[3].
Info: Removing bbox feeder slice mem_ahb_hrdata[4] driving BBOX rv32|mem_ahb_hrdata[4].
Info: Removing bbox feeder slice mem_ahb_hrdata[5] driving BBOX rv32|mem_ahb_hrdata[5].
Info: Removing bbox feeder slice mem_ahb_hrdata[6] driving BBOX rv32|mem_ahb_hrdata[6].
Info: Removing bbox feeder slice mem_ahb_hrdata[7] driving BBOX rv32|mem_ahb_hrdata[7].
Info: Removing bbox feeder slice mem_ahb_hrdata[8] driving BBOX rv32|mem_ahb_hrdata[8].
Info: Removing bbox feeder slice mem_ahb_hrdata[9] driving BBOX rv32|mem_ahb_hrdata[9].
Info: Removing bbox feeder slice mem_ahb_hreadyout driving BBOX rv32|mem_ahb_hreadyout inverted.
Info: Removing bbox feeder slice mem_ahb_htrans[1] driven by BBOX rv32|mem_ahb_htrans[1].
Info: Removing bbox feeder slice mem_ahb_hwdata[0] driven by BBOX rv32|mem_ahb_hwdata[0].
Info: Removing bbox feeder slice mem_ahb_hwdata[16] driven by BBOX rv32|mem_ahb_hwdata[16].
Info: Removing bbox feeder slice mem_ahb_hwdata[17] driven by BBOX rv32|mem_ahb_hwdata[17].
Info: Removing bbox feeder slice mem_ahb_hwdata[18] driven by BBOX rv32|mem_ahb_hwdata[18].
Info: Removing bbox feeder slice mem_ahb_hwdata[19] driven by BBOX rv32|mem_ahb_hwdata[19].
Info: Removing bbox feeder slice mem_ahb_hwdata[1] driven by BBOX rv32|mem_ahb_hwdata[1].
Info: Removing bbox feeder slice mem_ahb_hwdata[20] driven by BBOX rv32|mem_ahb_hwdata[20].
Info: Removing bbox feeder slice mem_ahb_hwdata[21] driven by BBOX rv32|mem_ahb_hwdata[21].
Info: Removing bbox feeder slice mem_ahb_hwdata[22] driven by BBOX rv32|mem_ahb_hwdata[22].
Info: Removing bbox feeder slice mem_ahb_hwdata[23] driven by BBOX rv32|mem_ahb_hwdata[23].
Info: Removing bbox feeder slice mem_ahb_hwdata[24] driven by BBOX rv32|mem_ahb_hwdata[24].
Info: Removing bbox feeder slice mem_ahb_hwdata[25] driven by BBOX rv32|mem_ahb_hwdata[25].
Info: Removing bbox feeder slice mem_ahb_hwdata[26] driven by BBOX rv32|mem_ahb_hwdata[26].
Info: Removing bbox feeder slice mem_ahb_hwdata[27] driven by BBOX rv32|mem_ahb_hwdata[27].
Info: Removing bbox feeder slice mem_ahb_hwdata[28] driven by BBOX rv32|mem_ahb_hwdata[28].
Info: Removing bbox feeder slice mem_ahb_hwdata[29] driven by BBOX rv32|mem_ahb_hwdata[29].
Info: Removing bbox feeder slice mem_ahb_hwdata[2] driven by BBOX rv32|mem_ahb_hwdata[2].
Info: Removing bbox feeder slice mem_ahb_hwdata[30] driven by BBOX rv32|mem_ahb_hwdata[30].
Info: Removing bbox feeder slice mem_ahb_hwdata[31] driven by BBOX rv32|mem_ahb_hwdata[31].
Info: Removing bbox feeder slice mem_ahb_hwdata[3] driven by BBOX rv32|mem_ahb_hwdata[3].
Info: Removing bbox feeder slice mem_ahb_hwdata[4] driven by BBOX rv32|mem_ahb_hwdata[4].
Info: Removing bbox feeder slice mem_ahb_hwrite driven by BBOX rv32|mem_ahb_hwrite.
Info: Removing bbox feeder slice sys_ctrl_clkSource[0] driven by BBOX rv32|sys_ctrl_clkSource[0].
Info: Removing bbox feeder slice sys_ctrl_clkSource[1] driven by BBOX rv32|sys_ctrl_clkSource[1].
Info: Removing bbox feeder slice sys_ctrl_stop driven by BBOX rv32|sys_ctrl_stop.
Info: Removing bbox feeder slice sys_ctrl_stop driving BBOX macro_inst|gen_per[0].gen_adc.adc_inst|adc_inst|stop.
Info: IO PIN_10 is tentatively assigned to location PIN_10 based on it's name.
Info: IO PIN_37 is tentatively assigned to location PIN_37 based on it's name.
Info: IO PIN_38 is tentatively assigned to location PIN_38 based on it's name.
Info: IO PIN_42 is tentatively assigned to location PIN_42 based on it's name.
Info: IO PIN_43 is tentatively assigned to location PIN_43 based on it's name.
Info: IO PIN_62 is tentatively assigned to location PIN_62 based on it's name.
Info: IO PIN_8 is tentatively assigned to location PIN_8 based on it's name.
Info: IO PIN_9 is tentatively assigned to location PIN_9 based on it's name.
Info: IO PIN_HSE is tentatively assigned to location PIN_HSE based on it's name.
Info: IO PIN_HSI is tentatively assigned to location PIN_HSI based on it's name.
Info: IO PIN_OSC is tentatively assigned to location PIN_OSC based on it's name.
Info: Instance gclksw_inst|gclk_switch is identified as a clock switch.
Info: Found GCLK net PLL_ENABLE~clkctrl_outclk (1).
Info: Found GCLK net auto_generated_inst.hbo_22_f9ff3d300b43c0f2_bp (43).
Info: Fixing net rv32.resetn_out, from rv32|resetn_out to gclksw_inst|gclk_switch__alta_gclksw|resetn.
Info: Fixing net gclksw_inst|gclk_switch__alta_gclksw__clkout, from gclksw_inst|gclk_switch__alta_gclksw|clkout to rv32|sys_clk.
Info: Fixing net auto_generated_inst.hbo_13_c009752f840d604c_bp, from pll_inst|auto_generated|pll1|lock to rv32|sys_ctrl_pllReady.
Info: Slice ext_dma_DMACBREQ[2] is removed.
Info: Slice slave_ahb_hwdata[9] is removed.
Info: Slice slave_ahb_haddr[24] is removed.
Info: Slice slave_ahb_haddr[10] is removed.
Info: Slice gpio0_io_in[6] is removed.
Info: Slice slave_ahb_haddr[29] is removed.
Info: Slice slave_ahb_hwdata[31] is removed.
Info: Slice gpio9_io_in[7] is removed.
Info: Slice gpio1_io_in[4] is removed.
Info: Slice ext_dma_DMACLSREQ[0] is removed.
Info: Slice gpio8_io_in[7] is removed.
Info: Slice gpio2_io_in[4] is removed.
Info: Slice slave_ahb_haddr[14] is removed.
Info: Slice mem_ahb_hresp is removed.
Info: Slice gpio2_io_in[1] is removed.
Info: Slice slave_ahb_hwdata[25] is removed.
Info: Slice slave_ahb_haddr[16] is removed.
Info: Slice slave_ahb_haddr[5] is removed.
Info: Slice ext_dma_DMACLBREQ[0] is removed.
Info: Slice ext_dma_DMACLSREQ[3] is removed.
Info: Slice slave_ahb_haddr[21] is removed.
Info: Slice slave_ahb_haddr[0] is removed.
Info: Slice gpio4_io_in[4] is removed.
Info: Slice gpio3_io_in[5] is removed.
Info: Slice slave_ahb_hwdata[1] is removed.
Info: Slice slave_ahb_hwdata[27] is removed.
Info: Slice slave_ahb_hwdata[14] is removed.
Info: Slice gpio7_io_in[3] is removed.
Info: Slice slave_ahb_haddr[2] is removed.
Info: Slice ext_dma_DMACLBREQ[1] is removed.
Info: Slice gpio2_io_in[7] is removed.
Info: Slice gpio2_io_in[2] is removed.
Info: Slice slave_ahb_htrans[1] is removed.
Info: Slice gpio5_io_in[7] is removed.
Info: Slice gpio0_io_in[4] is removed.
Info: Slice gpio1_io_in[6] is removed.
Info: Slice slave_ahb_hsel is removed.
Info: Slice slave_ahb_hwdata[20] is removed.
Info: Slice gpio8_io_in[6] is removed.
Info: Slice gpio8_io_in[3] is removed.
Info: Slice gpio9_io_in[4] is removed.
Info: Slice ext_dma_DMACSREQ[3] is removed.
Info: Slice gpio0_io_in[0] is removed.
Info: Slice gpio6_io_in[5] is removed.
Info: Slice slave_ahb_haddr[27] is removed.
Info: Slice gpio7_io_in[7] is removed.
Info: Slice gpio1_io_in[1] is removed.
Info: Slice gpio6_io_in[2] is removed.
Info: Slice gpio2_io_in[6] is removed.
Info: Slice slave_ahb_haddr[19] is removed.
Info: Slice slave_ahb_haddr[13] is removed.
Info: Slice local_int[0] is removed.
Info: Slice slave_ahb_hwdata[17] is removed.
Info: Slice gpio7_io_in[1] is removed.
Info: Slice ext_dma_DMACSREQ[2] is removed.
Info: Slice gpio7_io_in[4] is removed.
Info: Slice slave_ahb_hwdata[10] is removed.
Info: Slice ext_dma_DMACLSREQ[1] is removed.
Info: Slice slave_ahb_haddr[1] is removed.
Info: Slice slave_ahb_haddr[18] is removed.
Info: Slice ext_dma_DMACSREQ[0] is removed.
Info: Slice slave_ahb_hwdata[28] is removed.
Info: Slice slave_ahb_haddr[12] is removed.
Info: Slice gpio5_io_in[1] is removed.
Info: Slice slave_ahb_hwdata[13] is removed.
Info: Slice gpio1_io_in[2] is removed.
Info: Slice gpio6_io_in[4] is removed.
Info: Slice slave_ahb_hwdata[12] is removed.
Info: Slice slave_ahb_hwdata[26] is removed.
Info: Slice gpio1_io_in[5] is removed.
Info: Slice slave_ahb_hburst[0] is removed.
Info: Slice slave_ahb_hsize[0] is removed.
Info: Slice slave_ahb_hwdata[29] is removed.
Info: Slice gpio4_io_in[6] is removed.
Info: Slice gpio6_io_in[6] is removed.
Info: Slice ext_dma_DMACBREQ[3] is removed.
Info: Slice gpio8_io_in[2] is removed.
Info: Slice gpio4_io_in[0] is removed.
Info: Slice slave_ahb_haddr[26] is removed.
Info: Slice slave_ahb_haddr[30] is removed.
Info: Slice gpio3_io_in[6] is removed.
Info: Slice gpio3_io_in[7] is removed.
Info: Slice gpio4_io_in[5] is removed.
Info: Slice slave_ahb_hwrite is removed.
Info: Slice local_int[3] is removed.
Info: Slice gpio7_io_in[5] is removed.
Info: Slice ext_dma_DMACLBREQ[3] is removed.
Info: Slice slave_ahb_hwdata[6] is removed.
Info: Slice slave_ahb_haddr[11] is removed.
Info: Slice slave_ahb_haddr[28] is removed.
Info: Slice gpio9_io_in[2] is removed.
Info: Slice slave_ahb_hwdata[3] is removed.
Info: Slice slave_ahb_hready is removed.
Info: Slice gpio5_io_in[0] is removed.
Info: Slice slave_ahb_haddr[3] is removed.
Info: Slice slave_ahb_hwdata[18] is removed.
Info: Slice slave_ahb_hwdata[8] is removed.
Info: Slice slave_ahb_haddr[25] is removed.
Info: Slice slave_ahb_haddr[8] is removed.
Info: Slice slave_ahb_hburst[1] is removed.
Info: Slice slave_ahb_haddr[15] is removed.
Info: Slice slave_ahb_hwdata[22] is removed.
Info: Slice slave_ahb_hwdata[16] is removed.
Info: Slice gpio6_io_in[7] is removed.
Info: Slice slave_ahb_hburst[2] is removed.
Info: Slice ext_dma_DMACLSREQ[2] is removed.
Info: Slice gpio5_io_in[6] is removed.
Info: Slice ext_dma_DMACLBREQ[2] is removed.
Info: Slice gpio1_io_in[0] is removed.
Info: Slice gpio7_io_in[6] is removed.
Info: Slice slave_ahb_haddr[20] is removed.
Info: Slice slave_ahb_hwdata[24] is removed.
Info: Slice gpio2_io_in[3] is removed.
Info: Slice gpio3_io_in[2] is removed.
Info: Slice ~VCC is removed.
Info: Slice gpio7_io_in[2] is removed.
Info: Slice ext_dma_DMACBREQ[1] is removed.
Info: Slice gpio7_io_in[0] is removed.
Info: Slice gpio0_io_in[3] is removed.
Info: Slice gpio0_io_in[7] is removed.
Info: Slice gpio4_io_in[7] is removed.
Info: Slice slave_ahb_haddr[31] is removed.
Info: Slice ~GND is removed.
Info: Slice gpio8_io_in[5] is removed.
Info: Slice gpio9_io_in[6] is removed.
Info: Slice slave_ahb_haddr[6] is removed.
Info: Slice slave_ahb_hwdata[19] is removed.
Info: Slice slave_ahb_hwdata[7] is removed.
Info: Slice gpio9_io_in[5] is removed.
Info: Slice slave_ahb_hwdata[4] is removed.
Info: Slice gpio3_io_in[4] is removed.
Info: Slice slave_ahb_haddr[7] is removed.
Info: Slice gpio2_io_in[5] is removed.
Info: Slice gpio6_io_in[0] is removed.
Info: Slice gpio9_io_in[0] is removed.
Info: Slice slave_ahb_haddr[17] is removed.
Info: Slice gpio2_io_in[0] is removed.
Info: Slice gpio5_io_in[4] is removed.
Info: Slice gpio3_io_in[3] is removed.
Info: Slice slave_ahb_hsize[1] is removed.
Info: Slice gpio8_io_in[4] is removed.
Info: Slice gpio9_io_in[3] is removed.
Info: Slice gpio0_io_in[2] is removed.
Info: Slice gpio9_io_in[1] is removed.
Info: Slice ext_dma_DMACSREQ[1] is removed.
Info: Slice local_int[2] is removed.
Info: Slice gpio1_io_in[7] is removed.
Info: Slice gpio6_io_in[3] is removed.
Info: Slice local_int[1] is removed.
Info: Slice gpio3_io_in[0] is removed.
Info: Slice slave_ahb_hwdata[15] is removed.
Info: Slice slave_ahb_haddr[4] is removed.
Info: Slice gpio8_io_in[0] is removed.
Info: Slice slave_ahb_hwdata[23] is removed.
Info: Slice gpio0_io_in[5] is removed.
Info: Slice gpio1_io_in[3] is removed.
Info: Slice gpio5_io_in[5] is removed.
Info: Slice slave_ahb_hsize[2] is removed.
Info: Slice slave_ahb_hwdata[0] is removed.
Info: Slice slave_ahb_hwdata[2] is removed.
Info: Slice slave_ahb_htrans[0] is removed.
Info: Slice slave_ahb_haddr[9] is removed.
Info: Slice gpio3_io_in[1] is removed.
Info: Slice slave_ahb_hwdata[11] is removed.
Info: Slice slave_ahb_hwdata[21] is removed.
Info: Slice gpio5_io_in[2] is removed.
Info: Slice slave_ahb_hwdata[30] is removed.
Info: Auto constraint PLL: create_generated_clock -name pll_inst|auto_generated|pll1|clk[0] -divide_by 2 -multiply_by 25 -add -source PIN_HSE -master_clock PIN_HSE pll_inst|auto_generated|pll1|clkout0.
Warn: [set_instance_assignment] Empty -to specified, objects PLUS_A are not recognized.
Warn: [set_instance_assignment] Empty -to specified, objects PLUS_B are not recognized.
Warn: Slice macro_inst|gen_per[0].gen_adc.adc_inst|adc_inst is auto placed at location (22,7).
Warn: Logic slice macro_inst|gen_per[1].gen_pulse_cnt.pulse_cnt_inst|prdata[1] is used as a latch, output net: macro_inst|gen_per[1].gen_pulse_cnt.pulse_cnt_inst|plus_a_reg0~1_combout.
Warn: Logic slice macro_inst|gen_per[1].gen_pulse_cnt.pulse_cnt_inst|prdata[3] is used as a latch, output net: macro_inst|gen_per[1].gen_pulse_cnt.pulse_cnt_inst|plus_b_reg0~1_combout.
Warn: Auto constraint INTERNAL: create_generated_clock -name Internal_generated_clock_rv32|gpio4_io_out_data[5] -divide_by 2 -add -source pll_inst|auto_generated|pll1|clkout0 -master_clock pll_inst|auto_generated|pll1|clk[0] rv32|gpio4_io_out_data[5].
Warn: Auto constraint INTERNAL: create_generated_clock -name Internal_generated_clock_rv32|gpio4_io_out_data[5] -divide_by 2 -add -source PIN_HSI -master_clock PIN_HSI rv32|gpio4_io_out_data[5].
Warn: User constraints has 5.2% uncovered.

Total 0 fatals, 0 errors, 8 warnings, 281 infos.
